2024-10-11T22:14:59.936Z [Modules] Modules initializing
2024-10-11T22:14:59.936Z [Modules] Distribution: remote
2024-10-11T22:14:59.936Z [Modules] Host updates: enabled
2024-10-11T22:14:59.936Z [Modules] Module updates: enabled
2024-10-11T22:14:59.936Z [Modules] Module install path: /home/chris/.config/discord/0.0.70/modules
2024-10-11T22:14:59.936Z [Modules] Module installed file path: /home/chris/.config/discord/0.0.70/modules/installed.json
2024-10-11T22:14:59.936Z [Modules] Module download path: /home/chris/.config/discord/0.0.70/modules/pending
2024-10-11T22:15:00.044Z [Modules] Bootstrapping...
2024-10-11T22:15:00.045Z [Modules] Installing discord_desktop_core@0 from /opt/discord/resources/bootstrap/discord_desktop_core.zip
2024-10-11T22:15:00.047Z [Modules] Failed installing discord_desktop_core@0: Error: ENOENT: no such file or directory, open '/opt/discord/resources/bootstrap/discord_desktop_core.zip'
2024-10-11T22:15:00.047Z [Modules] Installing discord_erlpack@0 from /opt/discord/resources/bootstrap/discord_erlpack.zip
2024-10-11T22:15:00.048Z [Modules] Failed installing discord_erlpack@0: Error: ENOENT: no such file or directory, open '/opt/discord/resources/bootstrap/discord_erlpack.zip'
2024-10-11T22:15:00.048Z [Modules] Installing discord_spellcheck@0 from /opt/discord/resources/bootstrap/discord_spellcheck.zip
2024-10-11T22:15:00.048Z [Modules] Failed installing discord_spellcheck@0: Error: ENOENT: no such file or directory, open '/opt/discord/resources/bootstrap/discord_spellcheck.zip'
2024-10-11T22:15:00.048Z [Modules] Installing discord_utils@0 from /opt/discord/resources/bootstrap/discord_utils.zip
2024-10-11T22:15:00.049Z [Modules] Failed installing discord_utils@0: Error: ENOENT: no such file or directory, open '/opt/discord/resources/bootstrap/discord_utils.zip'
2024-10-11T22:15:00.049Z [Modules] Installing discord_voice@0 from /opt/discord/resources/bootstrap/discord_voice.zip
2024-10-11T22:15:00.049Z [Modules] Failed installing discord_voice@0: Error: ENOENT: no such file or directory, open '/opt/discord/resources/bootstrap/discord_voice.zip'
2024-10-11T22:15:00.049Z [Modules] Installing discord_zstd@0 from /opt/discord/resources/bootstrap/discord_zstd.zip
2024-10-11T22:15:00.049Z [Modules] Failed installing discord_zstd@0: Error: ENOENT: no such file or directory, open '/opt/discord/resources/bootstrap/discord_zstd.zip'
2024-10-11T22:15:00.049Z [Modules] Finished module installations. [success: 0] [failure: 6]
2024-10-11T22:15:00.050Z [Modules] Checking for host updates.
2024-10-11T22:15:00.310Z [Modules] Host update is available. Manual update required!
2024-10-11T23:39:06.817Z [Modules] Modules initializing
2024-10-11T23:39:06.817Z [Modules] Distribution: remote
2024-10-11T23:39:06.817Z [Modules] Host updates: enabled
2024-10-11T23:39:06.817Z [Modules] Module updates: enabled
2024-10-11T23:39:06.817Z [Modules] Module install path: /home/chris/.config/discord/0.0.70/modules
2024-10-11T23:39:06.817Z [Modules] Module installed file path: /home/chris/.config/discord/0.0.70/modules/installed.json
2024-10-11T23:39:06.817Z [Modules] Module download path: /home/chris/.config/discord/0.0.70/modules/pending
2024-10-11T23:39:06.939Z [Modules] No updates to install
2024-10-11T23:39:06.940Z [Modules] Checking for host updates.
2024-10-11T23:39:07.237Z [Modules] Host update is available. Manual update required!
2024-10-11T23:39:15.179Z [Modules] Modules initializing
2024-10-11T23:39:15.179Z [Modules] Distribution: remote
2024-10-11T23:39:15.179Z [Modules] Host updates: enabled
2024-10-11T23:39:15.179Z [Modules] Module updates: enabled
2024-10-11T23:39:15.179Z [Modules] Module install path: /home/chris/.config/discord/0.0.70/modules
2024-10-11T23:39:15.179Z [Modules] Module installed file path: /home/chris/.config/discord/0.0.70/modules/installed.json
2024-10-11T23:39:15.179Z [Modules] Module download path: /home/chris/.config/discord/0.0.70/modules/pending
2024-10-11T23:39:15.287Z [Modules] No updates to install
2024-10-11T23:39:15.287Z [Modules] Checking for host updates.
2024-10-11T23:39:15.532Z [Modules] Host update is available. Manual update required!
2024-10-11T23:42:59.641Z [Modules] Modules initializing
2024-10-11T23:42:59.641Z [Modules] Distribution: remote
2024-10-11T23:42:59.641Z [Modules] Host updates: enabled
2024-10-11T23:42:59.642Z [Modules] Module updates: enabled
2024-10-11T23:42:59.642Z [Modules] Module install path: /home/chris/.config/discord/0.0.70/modules
2024-10-11T23:42:59.642Z [Modules] Module installed file path: /home/chris/.config/discord/0.0.70/modules/installed.json
2024-10-11T23:42:59.642Z [Modules] Module download path: /home/chris/.config/discord/0.0.70/modules/pending
2024-10-11T23:42:59.747Z [Modules] No updates to install
2024-10-11T23:42:59.748Z [Modules] Checking for host updates.
2024-10-11T23:42:59.995Z [Modules] Host update is available. Manual update required!
2024-10-12T01:50:05.609Z [Modules] Modules initializing
2024-10-12T01:50:05.609Z [Modules] Distribution: remote
2024-10-12T01:50:05.609Z [Modules] Host updates: enabled
2024-10-12T01:50:05.609Z [Modules] Module updates: enabled
2024-10-12T01:50:05.609Z [Modules] Module install path: /home/chris/.config/discord/0.0.70/modules
2024-10-12T01:50:05.609Z [Modules] Module installed file path: /home/chris/.config/discord/0.0.70/modules/installed.json
2024-10-12T01:50:05.609Z [Modules] Module download path: /home/chris/.config/discord/0.0.70/modules/pending
2024-10-12T01:50:05.716Z [Modules] No updates to install
2024-10-12T01:50:05.717Z [Modules] Checking for host updates.
2024-10-12T01:50:05.973Z [Modules] Host update is available. Manual update required!
