00:00:00.000119 main     VirtualBox XPCOM Server 7.0.20_Gentoo r163906 linux.amd64 (Dec 27 2024 05:17:49) release log
00:00:00.000121 main     Log opened 2024-12-27T13:31:38.320407000Z
00:00:00.000121 main     Build Type: release
00:00:00.000122 main     OS Product: Linux
00:00:00.000122 main     OS Release: 6.12.7-gentoo-dist
00:00:00.000123 main     OS Version: #1 SMP PREEMPT_DYNAMIC Fri Dec 27 03:51:45 PST 2024
00:00:00.000137 main     DMI Product Name: 21KC0005US
00:00:00.000142 main     DMI Product Version: ThinkPad X1 Carbon Gen 12
00:00:00.000146 main     Firmware type: UEFI
00:00:00.000845 main     Secure Boot: Disabled
00:00:00.000887 main     Host RAM: 31585MB (30.8GB) total, 30767MB (30.0GB) available
00:00:00.000890 main     Executable: /usr/lib64/virtualbox/VBoxSVC
00:00:00.000891 main     Process ID: 3757
00:00:00.000891 main     Package type: LINUX_64BITS_GENERIC (OSE)
00:00:00.001573 main     IPC socket path: /tmp/.vbox-chris-ipc/ipcd
00:00:00.104551 nspr-2   VirtualBox: object creation starts
00:00:00.104686 nspr-2   Home directory: '/home/chris/.config/VirtualBox'
00:00:00.106718 nspr-2   USB: Unknown USB device detected (idVendor: 0x06cb, idProduct: 0x0123)
00:00:00.106747 nspr-2   USB: Unknown USB device detected (idVendor: 0x8087, idProduct: 0x0033)
00:00:00.106902 nspr-2   Successfully initialised host USB using sysfs
00:00:00.109047 nspr-2   Failed to retrive disk info: getDiskName(/dev/mapper/luks-936d24da-8b57-4c7d-84f7-a1eef4bc982e) --> luks-936d24da-8b57-4c7d-84f7-a1eef4bc982e
00:00:00.116319 nspr-2   NetIfAdpCtlOut: VBoxNetAdpCtl: Error while retrieving link speed for wlp0s20f3: VBoxNetAdpCtl: ioctl failed: Operation not supported
00:00:00.116949 nspr-2   HostDnsMonitor: initializing
00:00:00.117239 nspr-2   NAT: resolv.conf: nameserver 192.168.254.254
00:00:00.117264 nspr-2   HostDnsMonitor: updating information
00:00:00.117293 nspr-2   HostDnsMonitor: old information
00:00:00.117298 nspr-2     no server entries
00:00:00.117301 nspr-2     no domain set
00:00:00.117304 nspr-2     no search string entries
00:00:00.117307 nspr-2   HostDnsMonitor: new information
00:00:00.117310 nspr-2     server 1: 192.168.254.254
00:00:00.117313 nspr-2     domain: home
00:00:00.117316 nspr-2     no search string entries
00:00:00.119475 nspr-2   Failed to open "/dev/vboxdrvu", errno=13, rc=VERR_VM_DRIVER_NOT_ACCESSIBLE
00:00:00.119621 nspr-2   VD: VDInit finished with VINF_SUCCESS
00:00:00.120317 nspr-2   VirtualBox: object created
00:00:00.382283 nspr-4   Saving settings file "/home/chris/.config/VirtualBox/VirtualBox.xml" with version "1.12-linux"
00:00:00.393557 nspr-4   Finished saving settings file "/home/chris/.config/VirtualBox/VirtualBox.xml"
00:00:00.419947 nspr-4   Saving settings file "/home/chris/.config/VirtualBox/VirtualBox.xml" with version "1.12-linux"
00:00:00.422621 nspr-4   Finished saving settings file "/home/chris/.config/VirtualBox/VirtualBox.xml"
00:00:00.778170 nspr-3   Saving settings file "/home/chris/.config/VirtualBox/VirtualBox.xml" with version "1.12-linux"
00:00:00.790403 nspr-3   Finished saving settings file "/home/chris/.config/VirtualBox/VirtualBox.xml"
00:11:37.754805 nspr-3   Unattended: RTVfsQueryPathInfo(, '\OS2IMAGE/DISK_0/OS2LDR' (from OS2SE20.SRC),) -> VERR_PATH_NOT_FOUND, fMode=0x0
00:11:37.777593 nspr-3   Saving settings file "/home/chris/.config/VirtualBox/VirtualBox.xml" with version "1.12-linux"
00:11:37.780040 nspr-3   Finished saving settings file "/home/chris/.config/VirtualBox/VirtualBox.xml"
00:11:37.781409 nspr-3   Saving settings file "/home/chris/.config/VirtualBox/VirtualBox.xml" with version "1.12-linux"
00:11:37.784131 nspr-3   Finished saving settings file "/home/chris/.config/VirtualBox/VirtualBox.xml"
00:12:00.852440 createBase Saving settings file "/home/chris/.config/VirtualBox/VirtualBox.xml" with version "1.12-linux"
00:12:00.863706 createBase Finished saving settings file "/home/chris/.config/VirtualBox/VirtualBox.xml"
00:12:00.870693 nspr-5   Saving settings file "/home/chris/.VirtualBox/Machines/arch/arch.vbox" with version "1.19-linux"
00:12:00.876003 nspr-5   Finished saving settings file "/home/chris/.VirtualBox/Machines/arch/arch.vbox"
00:12:00.876057 nspr-5   Saving settings file "/home/chris/.config/VirtualBox/VirtualBox.xml" with version "1.12-linux"
00:12:00.878339 nspr-5   Finished saving settings file "/home/chris/.config/VirtualBox/VirtualBox.xml"
00:12:00.879845 nspr-5   Saving settings file "/home/chris/.config/VirtualBox/VirtualBox.xml" with version "1.12-linux"
00:12:00.882237 nspr-5   Finished saving settings file "/home/chris/.config/VirtualBox/VirtualBox.xml"
00:12:00.883115 nspr-3   Saving settings file "/home/chris/.config/VirtualBox/VirtualBox.xml" with version "1.12-linux"
00:12:00.885649 nspr-3   Finished saving settings file "/home/chris/.config/VirtualBox/VirtualBox.xml"
00:12:00.885965 nspr-4   Saving settings file "/home/chris/.VirtualBox/Machines/arch/arch.vbox" with version "1.19-linux"
00:12:00.888661 nspr-4   Finished saving settings file "/home/chris/.VirtualBox/Machines/arch/arch.vbox"
00:12:00.899559 nspr-3   Saving settings file "/home/chris/.config/VirtualBox/VirtualBox.xml" with version "1.12-linux"
00:12:00.902185 nspr-3   Finished saving settings file "/home/chris/.config/VirtualBox/VirtualBox.xml"
00:12:01.248451 nspr-4   ERROR [COM]: aRC=VBOX_E_INVALID_VM_STATE (0x80bb0002) aIID={300763af-5d6b-46e6-aa96-273eac15538a} aComponent={MachineWrap} aText={The machine is not mutable (state is PoweredOff)}, preserve=false aResultDetail=0
00:12:01.249024 nspr-2   Failed to open "/dev/vboxdrvu", errno=13, rc=VERR_VM_DRIVER_NOT_ACCESSIBLE
00:12:02.518424 nspr-3   Launched VM: 2550185456 pid: 21822 (0x553e) frontend: GUI/Qt name: arch
00:12:02.537416 nspr-5   ERROR [COM]: aRC=VBOX_E_INVALID_VM_STATE (0x80bb0002) aIID={300763af-5d6b-46e6-aa96-273eac15538a} aComponent={MachineWrap} aText={The machine is not mutable (state is PoweredOff)}, preserve=false aResultDetail=0
00:12:02.538030 nspr-5   Failed to open "/dev/vboxdrvu", errno=13, rc=VERR_VM_DRIVER_NOT_ACCESSIBLE
00:12:02.685820 nspr-8   ERROR [COM]: aRC=VBOX_E_INVALID_VM_STATE (0x80bb0002) aIID={300763af-5d6b-46e6-aa96-273eac15538a} aComponent={MachineWrap} aText={The machine is not mutable (state is PoweredOff)}, preserve=false aResultDetail=0
00:12:02.686455 nspr-7   Failed to open "/dev/vboxdrvu", errno=13, rc=VERR_VM_DRIVER_NOT_ACCESSIBLE
00:12:02.928634 nspr-8   ERROR [COM]: aRC=VBOX_E_OBJECT_NOT_FOUND (0x80bb0001) aIID={70401eef-c8e9-466b-9660-45cb3e9979e4} aComponent={ExtPackManagerWrap} aText={No extension pack by the name 'Oracle VM VirtualBox Extension Pack' was found}, preserve=false aResultDetail=0
00:12:02.959195 nspr-8   ERROR [COM]: aRC=VBOX_E_IPRT_ERROR (0x80bb0005) aIID={300763af-5d6b-46e6-aa96-273eac15538a} aComponent={SessionMachine} aText={Saved screenshot data is not available (VERR_NOT_SUPPORTED)}, preserve=false aResultDetail=-37
00:12:02.975341 nspr-8   NetIfAdpCtlOut: VBoxNetAdpCtl: Error while retrieving link speed for wlp0s20f3: VBoxNetAdpCtl: ioctl failed: Operation not supported
00:12:03.007860 nspr-4   Failed to open "/dev/vboxdrvu", errno=13, rc=VERR_VM_DRIVER_NOT_ACCESSIBLE
00:12:03.030712 nspr-4   ERROR [COM]: aRC=VBOX_E_INVALID_VM_STATE (0x80bb0002) aIID={300763af-5d6b-46e6-aa96-273eac15538a} aComponent={MachineWrap} aText={The machine is not mutable (state is Starting)}, preserve=false aResultDetail=0
00:12:03.031281 nspr-3   Failed to open "/dev/vboxdrvu", errno=13, rc=VERR_VM_DRIVER_NOT_ACCESSIBLE
00:12:03.361553 nspr-4   Saving settings file "/home/chris/.config/VirtualBox/VirtualBox.xml" with version "1.12-linux"
00:12:03.365283 nspr-7   Saving settings file "/home/chris/.VirtualBox/Machines/arch/arch.vbox" with version "1.19-linux"
00:12:03.373858 nspr-4   Finished saving settings file "/home/chris/.config/VirtualBox/VirtualBox.xml"
00:12:03.374618 nspr-7   Finished saving settings file "/home/chris/.VirtualBox/Machines/arch/arch.vbox"
00:12:03.382051 nspr-3   ERROR [COM]: aRC=VBOX_E_INVALID_VM_STATE (0x80bb0002) aIID={300763af-5d6b-46e6-aa96-273eac15538a} aComponent={MachineWrap} aText={The machine is not mutable (state is Starting)}, preserve=false aResultDetail=0
00:12:03.382577 nspr-7   Failed to open "/dev/vboxdrvu", errno=13, rc=VERR_VM_DRIVER_NOT_ACCESSIBLE
00:12:03.453528 nspr-3   Saving settings file "/home/chris/.VirtualBox/Machines/arch/arch.vbox" with version "1.19-linux"
00:12:03.458180 nspr-3   Finished saving settings file "/home/chris/.VirtualBox/Machines/arch/arch.vbox"
00:12:03.486268 nspr-9   ERROR [COM]: aRC=VBOX_E_INVALID_VM_STATE (0x80bb0002) aIID={300763af-5d6b-46e6-aa96-273eac15538a} aComponent={MachineWrap} aText={The machine is not mutable (state is PoweredOff)}, preserve=false aResultDetail=0
00:12:03.486934 nspr-10  Failed to open "/dev/vboxdrvu", errno=13, rc=VERR_VM_DRIVER_NOT_ACCESSIBLE
00:12:03.775288 nspr-2   Saving settings file "/home/chris/.config/VirtualBox/VirtualBox.xml" with version "1.12-linux"
00:12:03.786945 nspr-2   Finished saving settings file "/home/chris/.config/VirtualBox/VirtualBox.xml"
00:12:04.312259 nspr-4   Saving settings file "/home/chris/.VirtualBox/Machines/arch/arch.vbox" with version "1.19-linux"
00:12:04.323293 nspr-4   Finished saving settings file "/home/chris/.VirtualBox/Machines/arch/arch.vbox"
00:12:04.334777 nspr-6   ERROR [COM]: aRC=VBOX_E_INVALID_VM_STATE (0x80bb0002) aIID={300763af-5d6b-46e6-aa96-273eac15538a} aComponent={MachineWrap} aText={The machine is not mutable (state is Aborted)}, preserve=false aResultDetail=0
00:12:04.335380 nspr-9   Failed to open "/dev/vboxdrvu", errno=13, rc=VERR_VM_DRIVER_NOT_ACCESSIBLE
00:12:27.351316 main     VirtualBox: object deletion starts
00:12:27.351342 main     ERROR [COM]: aRC=VBOX_E_OBJECT_IN_USE (0x80bb000c) aIID={ad47ad09-787b-44ab-b343-a082a3f2dfb1} aComponent={MediumWrap} aText={Medium '/home/chris/.VirtualBox/Machines/arch/arch.vdi' cannot be closed because it is still attached to 1 virtual machines}, preserve=false aResultDetail=0
00:12:27.351549 main     HostDnsMonitor: shutting down ...
00:12:27.352004 main     HostDnsMonitor: shut down
00:12:27.352681 Watcher  ERROR [COM]: aRC=E_ACCESSDENIED (0x80070005) aIID={7682d5eb-f00e-44f1-8ca2-99d08b1cd607} aComponent={VirtualBoxWrap} aText={The object is not ready}, preserve=false aResultDetail=0
00:12:27.352725 main     VirtualBox: object deleted
